Build started 2/7/2023 2:24:08 PM.
     1>Project "X:\GitHub\Renegade\Dragonade_RxD\scripts\scripts.vcxproj" on node 2 (Build target(s)).
     1>ClCompile:
         C:\Program Files (x86)\Microsoft Visual Studio 11.0\VC\bin\CL.exe /c /I. /I..\MemoryManager /Zi /nologo /W4 /WX /MP /O2 /Ob2 /Oi /Ot /Oy /GL /D DRAGONADE /D MEMORY_MANAGER /D NDEBUG /D SCRIPTS_EXPORTS /D WIN32 /D _CRT_SECURE_NO_DEPRECATE /D _HAS_EXCEPTIONS=0 /D _SECURE_SCL=0 /D _WINDOWS /D _WINDLL /D _MBCS /GF /Gm- /MD /GS- /arch:SSE2 /fp:precise /Zc:wchar_t /Zc:forScope /GR- /Yc"General.h" /Fp"X:\GitHub\Renegade\Dragonade_RxD\temp\scripts\Release\scripts.Release.pch" /Fo"X:\GitHub\Renegade\Dragonade_RxD\temp\scripts\Release\\" /Fd"X:\GitHub\Renegade\Dragonade_RxD\temp\scripts\Release\vc110.pdb" /Gd /TP /analyze- /errorReport:prompt General.cpp
         General.cpp
         C:\Program Files (x86)\Microsoft Visual Studio 11.0\VC\bin\CL.exe /c /I. /I..\MemoryManager /Zi /nologo /W4 /WX /MP /O2 /Ob2 /Oi /Ot /Oy /GL /D DRAGONADE /D MEMORY_MANAGER /D NDEBUG /D SCRIPTS_EXPORTS /D WIN32 /D _CRT_SECURE_NO_DEPRECATE /D _HAS_EXCEPTIONS=0 /D _SECURE_SCL=0 /D _WINDOWS /D _WINDLL /D _MBCS /GF /Gm- /MD /GS- /arch:SSE2 /fp:precise /Zc:wchar_t /Zc:forScope /GR- /Yu"General.h" /Fp"X:\GitHub\Renegade\Dragonade_RxD\temp\scripts\Release\scripts.Release.pch" /Fo"X:\GitHub\Renegade\Dragonade_RxD\temp\scripts\Release\\" /Fd"X:\GitHub\Renegade\Dragonade_RxD\temp\scripts\Release\vc110.pdb" /Gd /TP /analyze- /errorReport:prompt cAMpaScripts.cpp CommandLineParser.cpp Crc32.cpp da.cpp dan.cpp da_aow.cpp da_ban.cpp da_building.cpp da_c4beacon.cpp da_characterrefunds.cpp da_chatcommand.cpp da_chatsounds.cpp da_coop.cpp da_cratemodifiers.cpp da_crate.cpp da_cratemanager.cpp da_ctf.cpp da_damagelog.cpp da_deathmatch.cpp da_disable.cpp da_domination.cpp da_donate.cpp da_genericcrates.cpp da_infantrycrates.cpp da_loot.cpp da_event.cpp da_game.cpp da_gamelog.cpp da_gameobj.cpp da_gameobjobservers.cpp da_gamespy.cpp da_infammo.cpp da_infantry.cpp da_killmessages.cpp da_log.cpp da_marathon.cpp da_nodemanager.cpp da_parachutes.cpp da_plugin.cpp da_pointsdistribution.cpp da_radio.cpp da_rtc.cpp da_settings.cpp da_levelcleaner.cpp da_shotgun.cpp da_sniping.cpp da_soldier.cpp da_spawnprotection.cpp da_spawnsystem.cpp da_squad.cpp da_ssgm.cpp da_taunt.cpp da_team.cpp da_teleporter.cpp da_translation.cpp da_vehicle.cpp da_vehiclecrates.cpp da_vehicleownership.cpp da_vehicleshells.cpp da_vehiclespawn.cpp da_vehiclequeue.cpp da_weapons.cpp DBIKScripts.cpp DBScripts.cpp DBVehicleBypass.cpp DB_Innate.cpp DB_Research_Terminals.cpp DefaultConnectionAcceptanceFilter.cpp DefinitionFactoryClass.cpp DefinitionFactoryMgrClass.cpp dllmain.cpp dp88_ar.cpp dp88_ar_unitScripts.cpp dp88_buildingScripts.cpp dp88_customAI.cpp dp88_misc.cpp dp88_veterancy.cpp engine_common.cpp engine_da.cpp engine_def.cpp engine_dialog.cpp engine_dmg.cpp engine_game.cpp engine_io.cpp engine_math.cpp engine_obj.cpp engine_obj2.cpp engine_phys.cpp engine_player.cpp engine_pt.cpp engine_script.cpp engine_string.cpp engine_tdb.cpp engine_threading.cpp engine_tt.cpp engine_weap.cpp FileFactoryListClass.cpp gap.cpp iran_scripts.cpp jfwcine.cpp jfwcust.cpp jfwdef.cpp jfwdmg.cpp jfwgame.cpp jfwgun.cpp jfwhook.cpp jfwmisc.cpp jfwobj.cpp jfwpoke.cpp jfwpow.cpp jfwscr.cpp jfwsnd.cpp jfwveh.cpp jfwweap.cpp jfwws.cpp jfwzone.cpp jmgBearHunter.cpp JmgDeathMatch.cpp jmgMetroid.cpp JMGRenetBusters.cpp jmgUtility.cpp kak.cpp kamuix.cpp LoopedAnimationController.cpp MasterCan_Scripts.cpp mdb.cpp mdbdef.cpp mdbevf.cpp ms.cpp ms_ai.cpp neo.cpp nh.cpp nhp.cpp ObjectLibraryManager.cpp PersistFactoryClass.cpp da_player.cpp PointerRemapClass.cpp Quaternion.cpp ra2.cpp Random2Class.cpp Random3Class.cpp RandomClass.cpp ra_legacy.cpp reborn.cpp renalert.cpp renalert2.cpp scriptfactory.cpp scriptregistrar.cpp scripts.cpp scud.cpp DefaultConnectionAcceptanceFilter.cpp sh_blocker.cpp sh_factory.cpp sh_underground.cpp shawk.cpp SimpleFileFactoryClass.cpp straw.cpp survival.cpp tda.cpp tfx.cpp ThreadClass.cpp unstoppable.cpp WeaponManager.cpp agtfix.cpp cGameType.cpp ChunkClasses.cpp coltest.cpp CriticalSectionClass.cpp datasafe.cpp HashTemplateKeyClass.cpp Iterator.cpp LineSegClass.cpp Matrix3.cpp Matrix3D.cpp matrix4.cpp obelfix.cpp ReferencerClass.cpp SysTimeClass.cpp wwmath.cpp xpert.cpp
         cAMpaScripts.cpp
         CommandLineParser.cpp
         Crc32.cpp
         da.cpp
         dan.cpp
         da_aow.cpp
         da_ban.cpp
         da_building.cpp
         da_c4beacon.cpp
         da_characterrefunds.cpp
         da_chatcommand.cpp
         da_chatsounds.cpp
         da_coop.cpp
         da_cratemodifiers.cpp
         da_crate.cpp
         da_cratemanager.cpp
         da_ctf.cpp
         da_damagelog.cpp
         da_deathmatch.cpp
         da_disable.cpp
         da_domination.cpp
         da_donate.cpp
         da_genericcrates.cpp
         da_infantrycrates.cpp
         da_loot.cpp
         da_event.cpp
         da_game.cpp
         da_gamelog.cpp
         da_gameobj.cpp
         da_gameobjobservers.cpp
         da_gamespy.cpp
         da_infammo.cpp
         da_infantry.cpp
         da_killmessages.cpp
         da_log.cpp
         da_marathon.cpp
         da_nodemanager.cpp
         da_parachutes.cpp
         da_plugin.cpp
         da_pointsdistribution.cpp
         da_radio.cpp
         da_rtc.cpp
         da_settings.cpp
         da_levelcleaner.cpp
         da_shotgun.cpp
         da_sniping.cpp
         da_soldier.cpp
         da_spawnprotection.cpp
         da_spawnsystem.cpp
         da_squad.cpp
         da_ssgm.cpp
         da_taunt.cpp
         da_team.cpp
         da_teleporter.cpp
         da_translation.cpp
         da_vehicle.cpp
         da_vehiclecrates.cpp
         da_vehicleownership.cpp
         da_vehicleshells.cpp
         da_vehiclespawn.cpp
         da_vehiclequeue.cpp
         da_weapons.cpp
         DBIKScripts.cpp
         DBScripts.cpp
         DBVehicleBypass.cpp
         DB_Innate.cpp
         DB_Research_Terminals.cpp
         DefaultConnectionAcceptanceFilter.cpp
         DefinitionFactoryClass.cpp
         DefinitionFactoryMgrClass.cpp
         dllmain.cpp
         dp88_ar.cpp
         dp88_ar_unitScripts.cpp
         dp88_buildingScripts.cpp
         dp88_customAI.cpp
         dp88_misc.cpp
         dp88_veterancy.cpp
         engine_common.cpp
         engine_da.cpp
         engine_def.cpp
         engine_dialog.cpp
         engine_dmg.cpp
         engine_game.cpp
         engine_io.cpp
         engine_math.cpp
         engine_obj.cpp
         engine_obj2.cpp
         engine_phys.cpp
         engine_player.cpp
         engine_pt.cpp
         engine_script.cpp
         engine_string.cpp
         engine_tdb.cpp
         engine_threading.cpp
         engine_tt.cpp
         engine_weap.cpp
         FileFactoryListClass.cpp
         gap.cpp
         iran_scripts.cpp
         jfwcine.cpp
         jfwcust.cpp
         jfwdef.cpp
         jfwdmg.cpp
         jfwgame.cpp
         jfwgun.cpp
         jfwhook.cpp
         jfwmisc.cpp
         jfwobj.cpp
         jfwpoke.cpp
         jfwpow.cpp
         jfwscr.cpp
         jfwsnd.cpp
         jfwveh.cpp
         jfwweap.cpp
         jfwws.cpp
         jfwzone.cpp
         jmgBearHunter.cpp
         JmgDeathMatch.cpp
         jmgMetroid.cpp
         JMGRenetBusters.cpp
         jmgUtility.cpp
         kak.cpp
         kamuix.cpp
         LoopedAnimationController.cpp
         MasterCan_Scripts.cpp
         mdb.cpp
         mdbdef.cpp
         mdbevf.cpp
         ms.cpp
         ms_ai.cpp
         neo.cpp
         nh.cpp
         nhp.cpp
         ObjectLibraryManager.cpp
         PersistFactoryClass.cpp
         da_player.cpp
         PointerRemapClass.cpp
         Quaternion.cpp
         ra2.cpp
         Random2Class.cpp
         Random3Class.cpp
         RandomClass.cpp
         ra_legacy.cpp
         reborn.cpp
         renalert.cpp
         renalert2.cpp
         scriptfactory.cpp
         scriptregistrar.cpp
         scripts.cpp
         scud.cpp
         DefaultConnectionAcceptanceFilter.cpp
         sh_blocker.cpp
         sh_factory.cpp
         sh_underground.cpp
         shawk.cpp
         SimpleFileFactoryClass.cpp
         straw.cpp
         survival.cpp
         tda.cpp
         tfx.cpp
         ThreadClass.cpp
         unstoppable.cpp
         WeaponManager.cpp
         agtfix.cpp
         cGameType.cpp
         ChunkClasses.cpp
         coltest.cpp
         CriticalSectionClass.cpp
         datasafe.cpp
         HashTemplateKeyClass.cpp
         Iterator.cpp
         LineSegClass.cpp
         Matrix3.cpp
         Matrix3D.cpp
         matrix4.cpp
         obelfix.cpp
         ReferencerClass.cpp
         SysTimeClass.cpp
         wwmath.cpp
         xpert.cpp
       ResourceCompile:
         C:\Program Files (x86)\Windows Kits\8.0\bin\x86\rc.exe /D NDEBUG /l"0x0c09" /nologo /fo"X:\GitHub\Renegade\Dragonade_RxD\temp\scripts\Release\scripts.res" scripts.rc 
       Link:
         C:\Program Files (x86)\Microsoft Visual Studio 11.0\VC\bin\link.exe /ERRORREPORT:PROMPT /OUT:"X:\GitHub\Renegade\Dragonade_RxD\bin\Release\scripts.dll" /INCREMENTAL:NO /NOLOGO /LIBPATH:..\bin\release ws2_32.lib winmm.lib kernel32.lib user32.lib gdi32.lib winspool.lib comdlg32.lib advapi32.lib shell32.lib ole32.lib oleaut32.lib uuid.lib odbc32.lib odbccp32.lib /MANIFEST /MANIFESTUAC:"level='asInvoker' uiAccess='false'" /manifest:embed /DEBUG /PDB:"X:\GitHub\Renegade\Dragonade_RxD\bin\Release\scripts.pdb" /MAP:"X:\GitHub\Renegade\Dragonade_RxD\bin\Release\scripts.map" /SUBSYSTEM:WINDOWS /OPT:REF /OPT:ICF /LTCG /TLBID:1 /RELEASE /BASE:"0x11000000" /DYNAMICBASE /NXCOMPAT /IMPLIB:"X:\GitHub\Renegade\Dragonade_RxD\bin\Release\scripts.lib" /MACHINE:X86 /SAFESEH:NO /DLL X:\GitHub\Renegade\Dragonade_RxD\temp\scripts\Release\scripts.res
         X:\GitHub\Renegade\Dragonade_RxD\temp\scripts\Release\cAMpaScripts.obj
         X:\GitHub\Renegade\Dragonade_RxD\temp\scripts\Release\CommandLineParser.obj
         X:\GitHub\Renegade\Dragonade_RxD\temp\scripts\Release\Crc32.obj
         X:\GitHub\Renegade\Dragonade_RxD\temp\scripts\Release\da.obj
         X:\GitHub\Renegade\Dragonade_RxD\temp\scripts\Release\dan.obj
         X:\GitHub\Renegade\Dragonade_RxD\temp\scripts\Release\da_aow.obj
         X:\GitHub\Renegade\Dragonade_RxD\temp\scripts\Release\da_ban.obj
         X:\GitHub\Renegade\Dragonade_RxD\temp\scripts\Release\da_building.obj
         X:\GitHub\Renegade\Dragonade_RxD\temp\scripts\Release\da_c4beacon.obj
         X:\GitHub\Renegade\Dragonade_RxD\temp\scripts\Release\da_characterrefunds.obj
         X:\GitHub\Renegade\Dragonade_RxD\temp\scripts\Release\da_chatcommand.obj
         X:\GitHub\Renegade\Dragonade_RxD\temp\scripts\Release\da_chatsounds.obj
         X:\GitHub\Renegade\Dragonade_RxD\temp\scripts\Release\da_coop.obj
         X:\GitHub\Renegade\Dragonade_RxD\temp\scripts\Release\da_cratemodifiers.obj
         X:\GitHub\Renegade\Dragonade_RxD\temp\scripts\Release\da_crate.obj
         X:\GitHub\Renegade\Dragonade_RxD\temp\scripts\Release\da_cratemanager.obj
         X:\GitHub\Renegade\Dragonade_RxD\temp\scripts\Release\da_ctf.obj
         X:\GitHub\Renegade\Dragonade_RxD\temp\scripts\Release\da_damagelog.obj
         X:\GitHub\Renegade\Dragonade_RxD\temp\scripts\Release\da_deathmatch.obj
         X:\GitHub\Renegade\Dragonade_RxD\temp\scripts\Release\da_disable.obj
         X:\GitHub\Renegade\Dragonade_RxD\temp\scripts\Release\da_domination.obj
         X:\GitHub\Renegade\Dragonade_RxD\temp\scripts\Release\da_donate.obj
         X:\GitHub\Renegade\Dragonade_RxD\temp\scripts\Release\da_genericcrates.obj
         X:\GitHub\Renegade\Dragonade_RxD\temp\scripts\Release\da_infantrycrates.obj
         X:\GitHub\Renegade\Dragonade_RxD\temp\scripts\Release\da_loot.obj
         X:\GitHub\Renegade\Dragonade_RxD\temp\scripts\Release\da_event.obj
         X:\GitHub\Renegade\Dragonade_RxD\temp\scripts\Release\da_game.obj
         X:\GitHub\Renegade\Dragonade_RxD\temp\scripts\Release\da_gamelog.obj
         X:\GitHub\Renegade\Dragonade_RxD\temp\scripts\Release\da_gameobj.obj
         X:\GitHub\Renegade\Dragonade_RxD\temp\scripts\Release\da_gameobjobservers.obj
         X:\GitHub\Renegade\Dragonade_RxD\temp\scripts\Release\da_gamespy.obj
         X:\GitHub\Renegade\Dragonade_RxD\temp\scripts\Release\da_infammo.obj
         X:\GitHub\Renegade\Dragonade_RxD\temp\scripts\Release\da_infantry.obj
         X:\GitHub\Renegade\Dragonade_RxD\temp\scripts\Release\da_killmessages.obj
         X:\GitHub\Renegade\Dragonade_RxD\temp\scripts\Release\da_log.obj
         X:\GitHub\Renegade\Dragonade_RxD\temp\scripts\Release\da_marathon.obj
         X:\GitHub\Renegade\Dragonade_RxD\temp\scripts\Release\da_nodemanager.obj
         X:\GitHub\Renegade\Dragonade_RxD\temp\scripts\Release\da_parachutes.obj
         X:\GitHub\Renegade\Dragonade_RxD\temp\scripts\Release\da_plugin.obj
         X:\GitHub\Renegade\Dragonade_RxD\temp\scripts\Release\da_pointsdistribution.obj
         X:\GitHub\Renegade\Dragonade_RxD\temp\scripts\Release\da_radio.obj
         X:\GitHub\Renegade\Dragonade_RxD\temp\scripts\Release\da_rtc.obj
         X:\GitHub\Renegade\Dragonade_RxD\temp\scripts\Release\da_settings.obj
         X:\GitHub\Renegade\Dragonade_RxD\temp\scripts\Release\da_levelcleaner.obj
         X:\GitHub\Renegade\Dragonade_RxD\temp\scripts\Release\da_shotgun.obj
         X:\GitHub\Renegade\Dragonade_RxD\temp\scripts\Release\da_sniping.obj
         X:\GitHub\Renegade\Dragonade_RxD\temp\scripts\Release\da_soldier.obj
         X:\GitHub\Renegade\Dragonade_RxD\temp\scripts\Release\da_spawnprotection.obj
         X:\GitHub\Renegade\Dragonade_RxD\temp\scripts\Release\da_spawnsystem.obj
         X:\GitHub\Renegade\Dragonade_RxD\temp\scripts\Release\da_squad.obj
         X:\GitHub\Renegade\Dragonade_RxD\temp\scripts\Release\da_ssgm.obj
         X:\GitHub\Renegade\Dragonade_RxD\temp\scripts\Release\da_taunt.obj
         X:\GitHub\Renegade\Dragonade_RxD\temp\scripts\Release\da_team.obj
         X:\GitHub\Renegade\Dragonade_RxD\temp\scripts\Release\da_teleporter.obj
         X:\GitHub\Renegade\Dragonade_RxD\temp\scripts\Release\da_translation.obj
         X:\GitHub\Renegade\Dragonade_RxD\temp\scripts\Release\da_vehicle.obj
         X:\GitHub\Renegade\Dragonade_RxD\temp\scripts\Release\da_vehiclecrates.obj
         X:\GitHub\Renegade\Dragonade_RxD\temp\scripts\Release\da_vehicleownership.obj
         X:\GitHub\Renegade\Dragonade_RxD\temp\scripts\Release\da_vehicleshells.obj
         X:\GitHub\Renegade\Dragonade_RxD\temp\scripts\Release\da_vehiclespawn.obj
         X:\GitHub\Renegade\Dragonade_RxD\temp\scripts\Release\da_vehiclequeue.obj
         X:\GitHub\Renegade\Dragonade_RxD\temp\scripts\Release\da_weapons.obj
         X:\GitHub\Renegade\Dragonade_RxD\temp\scripts\Release\DBIKScripts.obj
         X:\GitHub\Renegade\Dragonade_RxD\temp\scripts\Release\DBScripts.obj
         X:\GitHub\Renegade\Dragonade_RxD\temp\scripts\Release\DBVehicleBypass.obj
         X:\GitHub\Renegade\Dragonade_RxD\temp\scripts\Release\DB_Innate.obj
         X:\GitHub\Renegade\Dragonade_RxD\temp\scripts\Release\DB_Research_Terminals.obj
         X:\GitHub\Renegade\Dragonade_RxD\temp\scripts\Release\DefaultConnectionAcceptanceFilter.obj
         X:\GitHub\Renegade\Dragonade_RxD\temp\scripts\Release\DefinitionFactoryClass.obj
         X:\GitHub\Renegade\Dragonade_RxD\temp\scripts\Release\DefinitionFactoryMgrClass.obj
         X:\GitHub\Renegade\Dragonade_RxD\temp\scripts\Release\dllmain.obj
         X:\GitHub\Renegade\Dragonade_RxD\temp\scripts\Release\dp88_ar.obj
         X:\GitHub\Renegade\Dragonade_RxD\temp\scripts\Release\dp88_ar_unitScripts.obj
         X:\GitHub\Renegade\Dragonade_RxD\temp\scripts\Release\dp88_buildingScripts.obj
         X:\GitHub\Renegade\Dragonade_RxD\temp\scripts\Release\dp88_customAI.obj
         X:\GitHub\Renegade\Dragonade_RxD\temp\scripts\Release\dp88_misc.obj
         X:\GitHub\Renegade\Dragonade_RxD\temp\scripts\Release\dp88_veterancy.obj
         X:\GitHub\Renegade\Dragonade_RxD\temp\scripts\Release\engine_common.obj
         X:\GitHub\Renegade\Dragonade_RxD\temp\scripts\Release\engine_da.obj
         X:\GitHub\Renegade\Dragonade_RxD\temp\scripts\Release\engine_def.obj
         X:\GitHub\Renegade\Dragonade_RxD\temp\scripts\Release\engine_dialog.obj
         X:\GitHub\Renegade\Dragonade_RxD\temp\scripts\Release\engine_dmg.obj
         X:\GitHub\Renegade\Dragonade_RxD\temp\scripts\Release\engine_game.obj
         X:\GitHub\Renegade\Dragonade_RxD\temp\scripts\Release\engine_io.obj
         X:\GitHub\Renegade\Dragonade_RxD\temp\scripts\Release\engine_math.obj
         X:\GitHub\Renegade\Dragonade_RxD\temp\scripts\Release\engine_obj.obj
         X:\GitHub\Renegade\Dragonade_RxD\temp\scripts\Release\engine_obj2.obj
         X:\GitHub\Renegade\Dragonade_RxD\temp\scripts\Release\engine_phys.obj
         X:\GitHub\Renegade\Dragonade_RxD\temp\scripts\Release\engine_player.obj
         X:\GitHub\Renegade\Dragonade_RxD\temp\scripts\Release\engine_pt.obj
         X:\GitHub\Renegade\Dragonade_RxD\temp\scripts\Release\engine_script.obj
         X:\GitHub\Renegade\Dragonade_RxD\temp\scripts\Release\engine_string.obj
         X:\GitHub\Renegade\Dragonade_RxD\temp\scripts\Release\engine_tdb.obj
         X:\GitHub\Renegade\Dragonade_RxD\temp\scripts\Release\engine_threading.obj
         X:\GitHub\Renegade\Dragonade_RxD\temp\scripts\Release\engine_tt.obj
         X:\GitHub\Renegade\Dragonade_RxD\temp\scripts\Release\engine_weap.obj
         X:\GitHub\Renegade\Dragonade_RxD\temp\scripts\Release\FileFactoryListClass.obj
         X:\GitHub\Renegade\Dragonade_RxD\temp\scripts\Release\gap.obj
         X:\GitHub\Renegade\Dragonade_RxD\temp\scripts\Release\iran_scripts.obj
         X:\GitHub\Renegade\Dragonade_RxD\temp\scripts\Release\jfwcine.obj
         X:\GitHub\Renegade\Dragonade_RxD\temp\scripts\Release\jfwcust.obj
         X:\GitHub\Renegade\Dragonade_RxD\temp\scripts\Release\jfwdef.obj
         X:\GitHub\Renegade\Dragonade_RxD\temp\scripts\Release\jfwdmg.obj
         X:\GitHub\Renegade\Dragonade_RxD\temp\scripts\Release\jfwgame.obj
         X:\GitHub\Renegade\Dragonade_RxD\temp\scripts\Release\jfwgun.obj
         X:\GitHub\Renegade\Dragonade_RxD\temp\scripts\Release\jfwhook.obj
         X:\GitHub\Renegade\Dragonade_RxD\temp\scripts\Release\jfwmisc.obj
         X:\GitHub\Renegade\Dragonade_RxD\temp\scripts\Release\jfwobj.obj
         X:\GitHub\Renegade\Dragonade_RxD\temp\scripts\Release\jfwpoke.obj
         X:\GitHub\Renegade\Dragonade_RxD\temp\scripts\Release\jfwpow.obj
         X:\GitHub\Renegade\Dragonade_RxD\temp\scripts\Release\jfwscr.obj
         X:\GitHub\Renegade\Dragonade_RxD\temp\scripts\Release\jfwsnd.obj
         X:\GitHub\Renegade\Dragonade_RxD\temp\scripts\Release\jfwveh.obj
         X:\GitHub\Renegade\Dragonade_RxD\temp\scripts\Release\jfwweap.obj
         X:\GitHub\Renegade\Dragonade_RxD\temp\scripts\Release\jfwws.obj
         X:\GitHub\Renegade\Dragonade_RxD\temp\scripts\Release\jfwzone.obj
         X:\GitHub\Renegade\Dragonade_RxD\temp\scripts\Release\jmgBearHunter.obj
         X:\GitHub\Renegade\Dragonade_RxD\temp\scripts\Release\JmgDeathMatch.obj
         X:\GitHub\Renegade\Dragonade_RxD\temp\scripts\Release\jmgMetroid.obj
         X:\GitHub\Renegade\Dragonade_RxD\temp\scripts\Release\JMGRenetBusters.obj
         X:\GitHub\Renegade\Dragonade_RxD\temp\scripts\Release\jmgUtility.obj
         X:\GitHub\Renegade\Dragonade_RxD\temp\scripts\Release\kak.obj
         X:\GitHub\Renegade\Dragonade_RxD\temp\scripts\Release\kamuix.obj
         X:\GitHub\Renegade\Dragonade_RxD\temp\scripts\Release\LoopedAnimationController.obj
         X:\GitHub\Renegade\Dragonade_RxD\temp\scripts\Release\MasterCan_Scripts.obj
         X:\GitHub\Renegade\Dragonade_RxD\temp\scripts\Release\mdb.obj
         X:\GitHub\Renegade\Dragonade_RxD\temp\scripts\Release\mdbdef.obj
         X:\GitHub\Renegade\Dragonade_RxD\temp\scripts\Release\mdbevf.obj
         X:\GitHub\Renegade\Dragonade_RxD\temp\scripts\Release\ms.obj
         X:\GitHub\Renegade\Dragonade_RxD\temp\scripts\Release\ms_ai.obj
         X:\GitHub\Renegade\Dragonade_RxD\temp\scripts\Release\neo.obj
         X:\GitHub\Renegade\Dragonade_RxD\temp\scripts\Release\nh.obj
         X:\GitHub\Renegade\Dragonade_RxD\temp\scripts\Release\nhp.obj
         X:\GitHub\Renegade\Dragonade_RxD\temp\scripts\Release\ObjectLibraryManager.obj
         X:\GitHub\Renegade\Dragonade_RxD\temp\scripts\Release\PersistFactoryClass.obj
         X:\GitHub\Renegade\Dragonade_RxD\temp\scripts\Release\da_player.obj
         X:\GitHub\Renegade\Dragonade_RxD\temp\scripts\Release\PointerRemapClass.obj
         X:\GitHub\Renegade\Dragonade_RxD\temp\scripts\Release\Quaternion.obj
         X:\GitHub\Renegade\Dragonade_RxD\temp\scripts\Release\ra2.obj
         X:\GitHub\Renegade\Dragonade_RxD\temp\scripts\Release\Random2Class.obj
         X:\GitHub\Renegade\Dragonade_RxD\temp\scripts\Release\Random3Class.obj
         X:\GitHub\Renegade\Dragonade_RxD\temp\scripts\Release\RandomClass.obj
         X:\GitHub\Renegade\Dragonade_RxD\temp\scripts\Release\ra_legacy.obj
         X:\GitHub\Renegade\Dragonade_RxD\temp\scripts\Release\reborn.obj
         X:\GitHub\Renegade\Dragonade_RxD\temp\scripts\Release\renalert.obj
         X:\GitHub\Renegade\Dragonade_RxD\temp\scripts\Release\renalert2.obj
         X:\GitHub\Renegade\Dragonade_RxD\temp\scripts\Release\scriptfactory.obj
         X:\GitHub\Renegade\Dragonade_RxD\temp\scripts\Release\scriptregistrar.obj
         X:\GitHub\Renegade\Dragonade_RxD\temp\scripts\Release\scripts.obj
         X:\GitHub\Renegade\Dragonade_RxD\temp\scripts\Release\scud.obj
         X:\GitHub\Renegade\Dragonade_RxD\temp\scripts\Release\DefaultConnectionAcceptanceFilter.obj
         X:\GitHub\Renegade\Dragonade_RxD\temp\scripts\Release\sh_blocker.obj
         X:\GitHub\Renegade\Dragonade_RxD\temp\scripts\Release\sh_factory.obj
         X:\GitHub\Renegade\Dragonade_RxD\temp\scripts\Release\sh_underground.obj
         X:\GitHub\Renegade\Dragonade_RxD\temp\scripts\Release\shawk.obj
         X:\GitHub\Renegade\Dragonade_RxD\temp\scripts\Release\SimpleFileFactoryClass.obj
         X:\GitHub\Renegade\Dragonade_RxD\temp\scripts\Release\straw.obj
         X:\GitHub\Renegade\Dragonade_RxD\temp\scripts\Release\survival.obj
         X:\GitHub\Renegade\Dragonade_RxD\temp\scripts\Release\tda.obj
         X:\GitHub\Renegade\Dragonade_RxD\temp\scripts\Release\tfx.obj
         X:\GitHub\Renegade\Dragonade_RxD\temp\scripts\Release\ThreadClass.obj
         X:\GitHub\Renegade\Dragonade_RxD\temp\scripts\Release\unstoppable.obj
         X:\GitHub\Renegade\Dragonade_RxD\temp\scripts\Release\WeaponManager.obj
         X:\GitHub\Renegade\Dragonade_RxD\temp\scripts\Release\agtfix.obj
         X:\GitHub\Renegade\Dragonade_RxD\temp\scripts\Release\cGameType.obj
         X:\GitHub\Renegade\Dragonade_RxD\temp\scripts\Release\ChunkClasses.obj
         X:\GitHub\Renegade\Dragonade_RxD\temp\scripts\Release\coltest.obj
         X:\GitHub\Renegade\Dragonade_RxD\temp\scripts\Release\CriticalSectionClass.obj
         X:\GitHub\Renegade\Dragonade_RxD\temp\scripts\Release\datasafe.obj
         X:\GitHub\Renegade\Dragonade_RxD\temp\scripts\Release\General.obj
         X:\GitHub\Renegade\Dragonade_RxD\temp\scripts\Release\HashTemplateKeyClass.obj
         X:\GitHub\Renegade\Dragonade_RxD\temp\scripts\Release\Iterator.obj
         X:\GitHub\Renegade\Dragonade_RxD\temp\scripts\Release\LineSegClass.obj
         X:\GitHub\Renegade\Dragonade_RxD\temp\scripts\Release\Matrix3.obj
         X:\GitHub\Renegade\Dragonade_RxD\temp\scripts\Release\Matrix3D.obj
         X:\GitHub\Renegade\Dragonade_RxD\temp\scripts\Release\matrix4.obj
         X:\GitHub\Renegade\Dragonade_RxD\temp\scripts\Release\obelfix.obj
         X:\GitHub\Renegade\Dragonade_RxD\temp\scripts\Release\ReferencerClass.obj
         X:\GitHub\Renegade\Dragonade_RxD\temp\scripts\Release\SysTimeClass.obj
         X:\GitHub\Renegade\Dragonade_RxD\temp\scripts\Release\wwmath.obj
         X:\GitHub\Renegade\Dragonade_RxD\temp\scripts\Release\xpert.obj
         X:\GitHub\Renegade\Dragonade_RxD\bin\Release\MemoryManager.lib
         X:\GitHub\Renegade\Dragonade_RxD\bin\Release\shared.lib
     1>X:\GitHub\Renegade\Dragonade_RxD\temp\scripts\Release\DefaultConnectionAcceptanceFilter.obj : warning LNK4042: object specified more than once; extras ignored
            Creating library X:\GitHub\Renegade\Dragonade_RxD\bin\Release\scripts.lib and object X:\GitHub\Renegade\Dragonade_RxD\bin\Release\scripts.exp
         Generating code
         Finished generating code
         scripts.vcxproj -> X:\GitHub\Renegade\Dragonade_RxD\bin\Release\scripts.dll
     1>Done Building Project "X:\GitHub\Renegade\Dragonade_RxD\scripts\scripts.vcxproj" (Build target(s)).

Build succeeded.

Time Elapsed 00:00:19.69
