Build started 2/7/2023 2:24:06 PM.
     1>Project "X:\GitHub\Renegade\Dragonade_RxD\MemoryManager\MemoryManager.vcxproj" on node 2 (Build target(s)).
     1>ClCompile:
         C:\Program Files (x86)\Microsoft Visual Studio 11.0\VC\bin\CL.exe /c /Zi /nologo /W4 /WX /MP /O2 /Ob2 /Oi /Ot /Oy /GL /D WIN32 /D NDEBUG /D _WINDOWS /D _USRDLL /D _MEMORYMANGER_INTERNAL_ /D _USING_V110_SDK71_ /D _WINDLL /D _UNICODE /D UNICODE /GF /Gm- /MD /GS- /arch:SSE2 /fp:precise /Zc:wchar_t /Zc:forScope /GR- /Fo"X:\GitHub\Renegade\Dragonade_RxD\temp\MemoryManager\Release\\" /Fd"X:\GitHub\Renegade\Dragonade_RxD\temp\MemoryManager\Release\vc110.pdb" /Gd /TP /analyze- /errorReport:prompt dllmain_release.cpp FastAllocator.cpp MemoryManager_release.cpp
         dllmain_release.cpp
         FastAllocator.cpp
         MemoryManager_release.cpp
       Link:
         C:\Program Files (x86)\Microsoft Visual Studio 11.0\VC\bin\link.exe /ERRORREPORT:PROMPT /OUT:"X:\GitHub\Renegade\Dragonade_RxD\bin\Release\MemoryManager.dll" /INCREMENTAL:NO /NOLOGO kernel32.lib user32.lib gdi32.lib winspool.lib comdlg32.lib advapi32.lib shell32.lib ole32.lib oleaut32.lib uuid.lib odbc32.lib odbccp32.lib shlwapi.lib kernel32.lib user32.lib gdi32.lib winspool.lib comdlg32.lib advapi32.lib shell32.lib ole32.lib oleaut32.lib uuid.lib odbc32.lib odbccp32.lib /DEF:"MemoryManager_win32.def" /MANIFEST /MANIFESTUAC:"level='asInvoker' uiAccess='false'" /manifest:embed /DEBUG /PDB:"X:\GitHub\Renegade\Dragonade_RxD\bin\Release\MemoryManager.pdb" /MAP:"X:\GitHub\Renegade\Dragonade_RxD\bin\Release\MemoryManager.map" /SUBSYSTEM:WINDOWS,"5.01" /OPT:REF /OPT:ICF /LTCG /TLBID:1 /DYNAMICBASE /NXCOMPAT /IMPLIB:"X:\GitHub\Renegade\Dragonade_RxD\bin\Release\MemoryManager.lib" /MACHINE:X86 /SAFESEH:NO /DLL X:\GitHub\Renegade\Dragonade_RxD\temp\MemoryManager\Release\dllmain_release.obj
         X:\GitHub\Renegade\Dragonade_RxD\temp\MemoryManager\Release\FastAllocator.obj
         X:\GitHub\Renegade\Dragonade_RxD\temp\MemoryManager\Release\MemoryManager_release.obj
            Creating library X:\GitHub\Renegade\Dragonade_RxD\bin\Release\MemoryManager.lib and object X:\GitHub\Renegade\Dragonade_RxD\bin\Release\MemoryManager.exp
         Generating code
         Finished generating code
         MemoryManager.vcxproj -> X:\GitHub\Renegade\Dragonade_RxD\bin\Release\MemoryManager.dll
       PostBuildEvent:
         if defined RenPath (
         del "%RenPath%\MemoryManager.dll.removeme" 1>NUL 2>NUL
         move "%RenPath%\MemoryManager.dll" "%RenPath%\MemoryManager.dll.removeme" 1>NUL 2>NUL
         del "%RenPath%\MemoryManager.dll.removeme" 1>NUL 2>NUL
         )
         
         if defined RenServerPath (
         del "%RenServerPath%\MemoryManager.dll.removeme" 1>NUL 2>NUL
         move "%RenServerPath%\MemoryManager.dll" "%RenServerPath%\MemoryManager.dll.removeme" 1>NUL 2>NUL
         del "%RenServerPath%\MemoryManager.dll.removeme" 1>NUL 2>NUL
         )
         
         verify >NUL
         
         if defined RenPath (
         copy "X:\GitHub\Renegade\Dragonade_RxD\bin\Release\MemoryManager.dll" "%RenPath%\MemoryManager.dll"
         )
         if defined RenServerPath (
         copy "X:\GitHub\Renegade\Dragonade_RxD\bin\Release\MemoryManager.dll" "%RenServerPath%\MemoryManager.dll"
         )
         
         :VCEnd
     1>Done Building Project "X:\GitHub\Renegade\Dragonade_RxD\MemoryManager\MemoryManager.vcxproj" (Build target(s)).

Build succeeded.

Time Elapsed 00:00:00.47
